  [1m[35m (0.5ms)[0m  [1m[35mSET  @@SESSION.sql_mode = CONCAT(CONCAT(@@sql_mode, ',STRICT_ALL_TABLES'), ',NO_AUTO_VALUE_ON_ZERO'),  @@SESSION.sql_auto_is_null = 0, @@SESSION.wait_timeout = 2147483[0m
  [1m[35m (331.2ms)[0m  [1m[35mCREATE TABLE `schema_migrations` (`version` varchar(255) NOT NULL PRIMARY KEY) ENGINE=InnoDB[0m
  [1m[35m (310.5ms)[0m  [1m[35mCREATE TABLE `ar_internal_metadata` (`key` varchar(255) NOT NULL PRIMARY KEY, `value` varchar(255), `created_at` datetime NOT NULL, `updated_at` datetime NOT NULL) ENGINE=InnoDB[0m
  [1m[35m (0.3ms)[0m  [1m[34mSELECT GET_LOCK(3614202734339566320, 0)[0m
  [1m[35m (0.6ms)[0m  [1m[34mSELECT `schema_migrations`.`version` FROM `schema_migrations` ORDER BY `schema_migrations`.`version` ASC[0m
Migrating to CreateDefects (20170811055906)
  [1m[35m (241.3ms)[0m  [1m[35mCREATE TABLE `defects` (`id` bigint NOT NULL AUTO_INCREMENT PRIMARY KEY, `location` varchar(255), `description` text, `created_at` datetime NOT NULL, `updated_at` datetime NOT NULL) ENGINE=InnoDB[0m
  [1m[35m (0.3ms)[0m  [1m[35mBEGIN[0m
  [1m[35mSQL (11.5ms)[0m  [1m[32mINSERT INTO `schema_migrations` (`version`) VALUES ('20170811055906')[0m
  [1m[35m (40.3ms)[0m  [1m[35mCOMMIT[0m
  [1m[36mActiveRecord::InternalMetadata Load (0.5ms)[0m  [1m[34mSELECT  `ar_internal_metadata`.* FROM `ar_internal_metadata` WHERE `ar_internal_metadata`.`key` = 'environment' LIMIT 1[0m
  [1m[35m (0.3ms)[0m  [1m[35mBEGIN[0m
  [1m[35mSQL (19.2ms)[0m  [1m[32mINSERT INTO `ar_internal_metadata` (`key`, `value`, `created_at`, `updated_at`) VALUES ('environment', 'development', '2017-08-11 06:01:09', '2017-08-11 06:01:09')[0m
  [1m[35m (37.5ms)[0m  [1m[35mCOMMIT[0m
  [1m[35m (0.3ms)[0m  [1m[34mSELECT RELEASE_LOCK(3614202734339566320)[0m
  [1m[35m (0.5ms)[0m  [1m[34mSELECT `schema_migrations`.`version` FROM `schema_migrations` ORDER BY `schema_migrations`.`version` ASC[0m
Started POST "/defects" for 1.126.48.24 at 2017-08-11 14:11:31 +0800
  [1m[35m (0.5ms)[0m  [1m[35mSET  @@SESSION.sql_mode = CONCAT(CONCAT(@@sql_mode, ',STRICT_ALL_TABLES'), ',NO_AUTO_VALUE_ON_ZERO'),  @@SESSION.sql_auto_is_null = 0, @@SESSION.wait_timeout = 2147483[0m
Processing by DefectsController#create as JSON
  Parameters: {"data"=>{"type"=>"defects", "attributes"=>{"location"=>"Sample location", "description"=>"Sample description"}}, "defect"=>{}}
Completed 400 Bad Request in 1ms (ActiveRecord: 2.1ms)


  
ActionController::ParameterMissing (param is missing or the value is empty: defect):
  
app/controllers/defects_controller.rb:49:in `defect_params'
app/controllers/defects_controller.rb:18:in `create'
Started POST "/defects" for 1.126.48.24 at 2017-08-11 14:11:49 +0800
Processing by DefectsController#create as JSON
  Parameters: {"data"=>{"type"=>"defect", "attributes"=>{"location"=>"Sample location", "description"=>"Sample description"}}, "defect"=>{}}
Completed 400 Bad Request in 1ms (ActiveRecord: 0.0ms)


  
ActionController::ParameterMissing (param is missing or the value is empty: defect):
  
app/controllers/defects_controller.rb:49:in `defect_params'
app/controllers/defects_controller.rb:18:in `create'
Started POST "/defect" for 1.126.48.24 at 2017-08-11 14:12:05 +0800
  
ActionController::RoutingError (No route matches [POST] "/defect"):
  
actionpack (5.1.3) lib/action_dispatch/middleware/debug_exceptions.rb:63:in `call'
actionpack (5.1.3) lib/action_dispatch/middleware/show_exceptions.rb:31:in `call'
railties (5.1.3) lib/rails/rack/logger.rb:36:in `call_app'
railties (5.1.3) lib/rails/rack/logger.rb:24:in `block in call'
activesupport (5.1.3) lib/active_support/tagged_logging.rb:69:in `block in tagged'
activesupport (5.1.3) lib/active_support/tagged_logging.rb:26:in `tagged'
activesupport (5.1.3) lib/active_support/tagged_logging.rb:69:in `tagged'
railties (5.1.3) lib/rails/rack/logger.rb:24:in `call'
actionpack (5.1.3) lib/action_dispatch/middleware/remote_ip.rb:79:in `call'
actionpack (5.1.3) lib/action_dispatch/middleware/request_id.rb:25:in `call'
rack (2.0.3) lib/rack/runtime.rb:22:in `call'
activesupport (5.1.3) lib/active_support/cache/strategy/local_cache_middleware.rb:27:in `call'
actionpack (5.1.3) lib/action_dispatch/middleware/executor.rb:12:in `call'
actionpack (5.1.3) lib/action_dispatch/middleware/static.rb:125:in `call'
rack (2.0.3) lib/rack/sendfile.rb:111:in `call'
railties (5.1.3) lib/rails/engine.rb:522:in `call'
puma (3.9.1) lib/puma/configuration.rb:224:in `call'
puma (3.9.1) lib/puma/server.rb:602:in `handle_request'
puma (3.9.1) lib/puma/server.rb:435:in `process_client'
puma (3.9.1) lib/puma/server.rb:299:in `block in run'
puma (3.9.1) lib/puma/thread_pool.rb:120:in `block in spawn_thread'
Started POST "/defects" for 1.126.48.24 at 2017-08-11 14:14:11 +0800
Processing by DefectsController#create as JSON
  Parameters: {"location"=>"something to do", "description"=>"Description 1", "defect"=>{"location"=>"something to do", "description"=>"Description 1"}}
  [1m[35m (21.4ms)[0m  [1m[35mSET  @@SESSION.sql_mode = CONCAT(CONCAT(@@sql_mode, ',STRICT_ALL_TABLES'), ',NO_AUTO_VALUE_ON_ZERO'),  @@SESSION.sql_auto_is_null = 0, @@SESSION.wait_timeout = 2147483[0m
  [1m[35m (0.3ms)[0m  [1m[35mBEGIN[0m
  [1m[35mSQL (0.5ms)[0m  [1m[32mINSERT INTO `defects` (`location`, `description`, `created_at`, `updated_at`) VALUES ('something to do', 'Description 1', '2017-08-11 06:14:11', '2017-08-11 06:14:11')[0m
  [1m[35m (38.6ms)[0m  [1m[35mCOMMIT[0m
[active_model_serializers] Rendered DefectSerializer with ActiveModelSerializers::Adapter::Attributes (0.45ms)
Completed 201 Created in 158ms (Views: 52.3ms | ActiveRecord: 62.2ms)


Started GET "/defects" for 1.126.48.24 at 2017-08-11 14:14:51 +0800
Processing by DefectsController#index as JSON
  Parameters: {"defect"=>{}}
  [1m[36mDefect Load (0.6ms)[0m  [1m[34mSELECT `defects`.* FROM `defects`[0m
[active_model_serializers] Rendered ActiveModel::Serializer::CollectionSerializer with ActiveModelSerializers::Adapter::Attributes (0.51ms)
Completed 200 OK in 16ms (Views: 14.4ms | ActiveRecord: 0.6ms)


Started GET "/favicon.ico" for 66.102.6.157 at 2017-08-11 14:34:18 +0800
  
ActionController::RoutingError (No route matches [GET] "/favicon.ico"):
  
actionpack (5.1.3) lib/action_dispatch/middleware/debug_exceptions.rb:63:in `call'
actionpack (5.1.3) lib/action_dispatch/middleware/show_exceptions.rb:31:in `call'
railties (5.1.3) lib/rails/rack/logger.rb:36:in `call_app'
railties (5.1.3) lib/rails/rack/logger.rb:24:in `block in call'
activesupport (5.1.3) lib/active_support/tagged_logging.rb:69:in `block in tagged'
activesupport (5.1.3) lib/active_support/tagged_logging.rb:26:in `tagged'
activesupport (5.1.3) lib/active_support/tagged_logging.rb:69:in `tagged'
railties (5.1.3) lib/rails/rack/logger.rb:24:in `call'
actionpack (5.1.3) lib/action_dispatch/middleware/remote_ip.rb:79:in `call'
actionpack (5.1.3) lib/action_dispatch/middleware/request_id.rb:25:in `call'
rack (2.0.3) lib/rack/runtime.rb:22:in `call'
activesupport (5.1.3) lib/active_support/cache/strategy/local_cache_middleware.rb:27:in `call'
actionpack (5.1.3) lib/action_dispatch/middleware/executor.rb:12:in `call'
actionpack (5.1.3) lib/action_dispatch/middleware/static.rb:125:in `call'
rack (2.0.3) lib/rack/sendfile.rb:111:in `call'
railties (5.1.3) lib/rails/engine.rb:522:in `call'
puma (3.9.1) lib/puma/configuration.rb:224:in `call'
puma (3.9.1) lib/puma/server.rb:602:in `handle_request'
puma (3.9.1) lib/puma/server.rb:435:in `process_client'
puma (3.9.1) lib/puma/server.rb:299:in `block in run'
puma (3.9.1) lib/puma/thread_pool.rb:120:in `block in spawn_thread'
Started POST "/defects" for 1.126.48.24 at 2017-08-11 14:38:45 +0800
Processing by DefectsController#create as JSON
  Parameters: {"location"=>"electrical sub-board 4 lower desk", "description"=>"The main circuit breaker has been tripped", "defect"=>{"location"=>"electrical sub-board 4 lower desk", "description"=>"The main circuit breaker has been tripped"}}
  [1m[35m (0.3ms)[0m  [1m[35mBEGIN[0m
  [1m[35mSQL (0.8ms)[0m  [1m[32mINSERT INTO `defects` (`location`, `description`, `created_at`, `updated_at`) VALUES ('electrical sub-board 4 lower desk', 'The main circuit breaker has been tripped', '2017-08-11 06:38:45', '2017-08-11 06:38:45')[0m
  [1m[35m (81.4ms)[0m  [1m[35mCOMMIT[0m
[active_model_serializers] Rendered DefectSerializer with ActiveModelSerializers::Adapter::Attributes (0.28ms)
Completed 201 Created in 89ms (Views: 1.5ms | ActiveRecord: 82.5ms)


Started GET "/defects" for 1.126.48.24 at 2017-08-11 14:38:55 +0800
Processing by DefectsController#index as JSON
  Parameters: {"defect"=>{}}
  [1m[36mDefect Load (0.6ms)[0m  [1m[34mSELECT `defects`.* FROM `defects`[0m
[active_model_serializers] Rendered ActiveModel::Serializer::CollectionSerializer with ActiveModelSerializers::Adapter::Attributes (0.69ms)
Completed 200 OK in 4ms (Views: 3.4ms | ActiveRecord: 0.6ms)


Started POST "/defects/" for 1.126.48.24 at 2017-08-11 14:43:34 +0800
Processing by DefectsController#create as HTML
  Parameters: {"id"=>nil, "location"=>"ggffhh", "description"=>"fgfvxvbh", "defect"=>{"id"=>nil, "location"=>"ggffhh", "description"=>"fgfvxvbh"}}
Unpermitted parameter: :id
  [1m[35m (0.3ms)[0m  [1m[35mBEGIN[0m
  [1m[35mSQL (0.5ms)[0m  [1m[32mINSERT INTO `defects` (`location`, `description`, `created_at`, `updated_at`) VALUES ('ggffhh', 'fgfvxvbh', '2017-08-11 06:43:34', '2017-08-11 06:43:34')[0m
  [1m[35m (31.7ms)[0m  [1m[35mCOMMIT[0m
[active_model_serializers] Rendered DefectSerializer with ActiveModelSerializers::Adapter::Attributes (0.3ms)
Completed 201 Created in 38ms (Views: 1.4ms | ActiveRecord: 32.4ms)


Started POST "/defects/" for 1.126.48.24 at 2017-08-11 14:48:25 +0800
Processing by DefectsController#create as HTML
  Parameters: {"id"=>nil, "location"=>"here", "description"=>"it's biggwt", "defect"=>{"id"=>nil, "location"=>"here", "description"=>"it's biggwt"}}
Unpermitted parameter: :id
  [1m[35m (0.3ms)[0m  [1m[35mBEGIN[0m
  [1m[35mSQL (14.0ms)[0m  [1m[32mINSERT INTO `defects` (`location`, `description`, `created_at`, `updated_at`) VALUES ('here', 'it\'s biggwt', '2017-08-11 06:48:25', '2017-08-11 06:48:25')[0m
  [1m[35m (54.6ms)[0m  [1m[35mCOMMIT[0m
[active_model_serializers] Rendered DefectSerializer with ActiveModelSerializers::Adapter::Attributes (0.27ms)
Completed 201 Created in 75ms (Views: 1.4ms | ActiveRecord: 68.9ms)


Started POST "/defects/" for 1.126.48.24 at 2017-08-11 15:21:47 +0800
Processing by DefectsController#create as HTML
  Parameters: {"id"=>nil, "location"=>"yest", "description"=>"jjgggghn nhgv", "defect"=>{"id"=>nil, "location"=>"yest", "description"=>"jjgggghn nhgv"}}
Unpermitted parameter: :id
  [1m[35m (0.3ms)[0m  [1m[35mBEGIN[0m
  [1m[35mSQL (14.4ms)[0m  [1m[32mINSERT INTO `defects` (`location`, `description`, `created_at`, `updated_at`) VALUES ('yest', 'jjgggghn nhgv', '2017-08-11 07:21:47', '2017-08-11 07:21:47')[0m
  [1m[35m (31.6ms)[0m  [1m[35mCOMMIT[0m
[active_model_serializers] Rendered DefectSerializer with ActiveModelSerializers::Adapter::Attributes (0.31ms)
Completed 201 Created in 52ms (Views: 1.3ms | ActiveRecord: 46.3ms)


Started GET "/favicon.ico" for 66.102.6.158 at 2017-08-11 16:28:42 +0800
  
ActionController::RoutingError (No route matches [GET] "/favicon.ico"):
  
actionpack (5.1.3) lib/action_dispatch/middleware/debug_exceptions.rb:63:in `call'
actionpack (5.1.3) lib/action_dispatch/middleware/show_exceptions.rb:31:in `call'
railties (5.1.3) lib/rails/rack/logger.rb:36:in `call_app'
railties (5.1.3) lib/rails/rack/logger.rb:24:in `block in call'
activesupport (5.1.3) lib/active_support/tagged_logging.rb:69:in `block in tagged'
activesupport (5.1.3) lib/active_support/tagged_logging.rb:26:in `tagged'
activesupport (5.1.3) lib/active_support/tagged_logging.rb:69:in `tagged'
railties (5.1.3) lib/rails/rack/logger.rb:24:in `call'
actionpack (5.1.3) lib/action_dispatch/middleware/remote_ip.rb:79:in `call'
actionpack (5.1.3) lib/action_dispatch/middleware/request_id.rb:25:in `call'
rack (2.0.3) lib/rack/runtime.rb:22:in `call'
activesupport (5.1.3) lib/active_support/cache/strategy/local_cache_middleware.rb:27:in `call'
actionpack (5.1.3) lib/action_dispatch/middleware/executor.rb:12:in `call'
actionpack (5.1.3) lib/action_dispatch/middleware/static.rb:125:in `call'
rack (2.0.3) lib/rack/sendfile.rb:111:in `call'
railties (5.1.3) lib/rails/engine.rb:522:in `call'
puma (3.9.1) lib/puma/configuration.rb:224:in `call'
puma (3.9.1) lib/puma/server.rb:602:in `handle_request'
puma (3.9.1) lib/puma/server.rb:435:in `process_client'
puma (3.9.1) lib/puma/server.rb:299:in `block in run'
puma (3.9.1) lib/puma/thread_pool.rb:120:in `block in spawn_thread'
